<?xml version="1.0" encoding="UTF-8"?>
<!-- Generated by org.testng.reporters.JUnitXMLReporter -->
<testsuite hostname="D-113064882" name="Default test" tests="4" failures="0" timestamp="6 Feb 2018 12:06:00 GMT" time="939.076" errors="0">
  <testcase name="CreateAccount_01" time="170.992" classname="OpenCartPackage.OpenCartTestNG"/>
  <testcase name="LoginAccount_02" time="195.36" classname="OpenCartPackage.OpenCartTestNG"/>
  <testcase name="ProductComparison_03" time="204.79" classname="OpenCartPackage.OpenCartTestNG"/>
  <testcase name="AddingPhones_04" time="300.045" classname="OpenCartPackage.OpenCartTestNG"/>
</testsuite> <!-- Default test -->
