<?xml version="1.0" encoding="UTF-8"?>
<!-- Generated by org.testng.reporters.JUnitXMLReporter -->
<testsuite hostname="D-113064882" name="Test" tests="4" failures="0" timestamp="5 Feb 2018 11:35:35 GMT" time="449.594" errors="0">
  <testcase name="CreateAccount_01" time="86.068" classname="OpenCartPackage.OpenCartTestNG"/>
  <testcase name="LoginAccount_02" time="81.349" classname="OpenCartPackage.OpenCartTestNG"/>
  <testcase name="ProductComparison_03" time="90.414" classname="OpenCartPackage.OpenCartTestNG"/>
  <testcase name="AddingPhones_04" time="156.048" classname="OpenCartPackage.OpenCartTestNG"/>
</testsuite> <!-- Test -->
