<?xml version="1.0" encoding="UTF-8"?>
<testng-results skipped="0" failed="0" total="4" passed="4">
  <reporter-output>
  </reporter-output>
  <suite name="Default suite" duration-ms="939076" started-at="2018-02-06T11:50:20Z" finished-at="2018-02-06T12:05:59Z">
    <groups>
    </groups>
    <test name="Default test" duration-ms="939076" started-at="2018-02-06T11:50:20Z" finished-at="2018-02-06T12:05:59Z">
      <class name="OpenCartPackage.OpenCartTestNG">
        <test-method status="PASS" signature="Openbrowser()[pri:0, instance:OpenCartPackage.OpenCartTestNG@cc285f4]" name="Openbrowser" is-config="true" duration-ms="23640" started-at="2018-02-06T17:20:20Z" finished-at="2018-02-06T17:20:43Z">
          <reporter-output>
          </reporter-output>
        </test-method> <!-- Openbrowser -->
        <test-method status="PASS" signature="CreateAccount_01()[pri:0, instance:OpenCartPackage.OpenCartTestNG@cc285f4]" name="CreateAccount_01" duration-ms="170992" started-at="2018-02-06T17:20:43Z" finished-at="2018-02-06T17:23:34Z">
          <reporter-output>
          </reporter-output>
        </test-method> <!-- CreateAccount_01 -->
        <test-method status="PASS" signature="logout()[pri:0, instance:OpenCartPackage.OpenCartTestNG@cc285f4]" name="logout" is-config="true" duration-ms="10872" started-at="2018-02-06T17:23:34Z" finished-at="2018-02-06T17:23:45Z">
          <reporter-output>
          </reporter-output>
        </test-method> <!-- logout -->
        <test-method status="PASS" signature="LoginAccount_02()[pri:0, instance:OpenCartPackage.OpenCartTestNG@cc285f4]" name="LoginAccount_02" duration-ms="195360" started-at="2018-02-06T17:23:45Z" finished-at="2018-02-06T17:27:01Z">
          <reporter-output>
          </reporter-output>
        </test-method> <!-- LoginAccount_02 -->
        <test-method status="PASS" signature="logout()[pri:0, instance:OpenCartPackage.OpenCartTestNG@cc285f4]" name="logout" is-config="true" duration-ms="10862" started-at="2018-02-06T17:27:01Z" finished-at="2018-02-06T17:27:12Z">
          <reporter-output>
          </reporter-output>
        </test-method> <!-- logout -->
        <test-method status="PASS" signature="ProductComparison_03()[pri:0, instance:OpenCartPackage.OpenCartTestNG@cc285f4]" name="ProductComparison_03" duration-ms="204790" started-at="2018-02-06T17:27:12Z" finished-at="2018-02-06T17:30:36Z">
          <reporter-output>
          </reporter-output>
        </test-method> <!-- ProductComparison_03 -->
        <test-method status="PASS" signature="logout()[pri:0, instance:OpenCartPackage.OpenCartTestNG@cc285f4]" name="logout" is-config="true" duration-ms="10977" started-at="2018-02-06T17:30:36Z" finished-at="2018-02-06T17:30:47Z">
          <reporter-output>
          </reporter-output>
        </test-method> <!-- logout -->
        <test-method status="PASS" signature="AddingPhones_04()[pri:0, instance:OpenCartPackage.OpenCartTestNG@cc285f4]" name="AddingPhones_04" duration-ms="300045" started-at="2018-02-06T17:30:47Z" finished-at="2018-02-06T17:35:47Z">
          <reporter-output>
          </reporter-output>
        </test-method> <!-- AddingPhones_04 -->
        <test-method status="PASS" signature="logout()[pri:0, instance:OpenCartPackage.OpenCartTestNG@cc285f4]" name="logout" is-config="true" duration-ms="10880" started-at="2018-02-06T17:35:47Z" finished-at="2018-02-06T17:35:58Z">
          <reporter-output>
          </reporter-output>
        </test-method> <!-- logout -->
        <test-method status="PASS" signature="Closebrowser()[pri:0, instance:OpenCartPackage.OpenCartTestNG@cc285f4]" name="Closebrowser" is-config="true" duration-ms="552" started-at="2018-02-06T17:35:58Z" finished-at="2018-02-06T17:35:59Z">
          <reporter-output>
          </reporter-output>
        </test-method> <!-- Closebrowser -->
      </class> <!-- OpenCartPackage.OpenCartTestNG -->
    </test> <!-- Default test -->
  </suite> <!-- Default suite -->
</testng-results>
